<?xml version="1.0" encoding="UTF-8"?>
<coverage generated="1504257282201" clover="3.2.0">
  <project timestamp="1504257282201" name="All files">
    <metrics statements="89" coveredstatements="84" conditionals="18" coveredconditionals="13" methods="14" coveredmethods="14" elements="121" coveredelements="111" complexity="0" loc="89" ncloc="89" packages="1" files="4" classes="4">
      <file name="GaussianNB.js" path="/home/jefferson/WebstormProjects/naive-bayes/src/GaussianNB.js">
        <metrics statements="44" coveredstatements="41" conditionals="10" coveredconditionals="7" methods="7" coveredmethods="7"/>
        <line num="18" count="5" type="cond" truecount="2" falsecount="0"/>
        <line num="19" count="1" type="stmt"/>
        <line num="20" count="1" type="stmt"/>
        <line num="35" count="4" type="stmt"/>
        <line num="36" count="4" type="stmt"/>
        <line num="38" count="4" type="cond" truecount="1" falsecount="1"/>
        <line num="39" count="0" type="stmt"/>
        <line num="42" count="4" type="stmt"/>
        <line num="43" count="4" type="stmt"/>
        <line num="44" count="4" type="stmt"/>
        <line num="45" count="4" type="stmt"/>
        <line num="46" count="9" type="stmt"/>
        <line num="47" count="9" type="stmt"/>
        <line num="49" count="9" type="stmt"/>
        <line num="50" count="9" type="stmt"/>
        <line num="52" count="9" type="stmt"/>
        <line num="53" count="9" type="stmt"/>
        <line num="54" count="48" type="stmt"/>
        <line num="55" count="48" type="stmt"/>
        <line num="58" count="9" type="stmt"/>
        <line num="61" count="4" type="stmt"/>
        <line num="71" count="4" type="cond" truecount="1" falsecount="1"/>
        <line num="72" count="0" type="stmt"/>
        <line num="75" count="4" type="stmt"/>
        <line num="77" count="4" type="stmt"/>
        <line num="78" count="55" type="stmt"/>
        <line num="81" count="4" type="stmt"/>
        <line num="89" count="1" type="stmt"/>
        <line num="102" count="1" type="cond" truecount="1" falsecount="1"/>
        <line num="103" count="0" type="stmt"/>
        <line num="106" count="1" type="stmt"/>
        <line num="120" count="55" type="stmt"/>
        <line num="121" count="55" type="stmt"/>
        <line num="124" count="55" type="stmt"/>
        <line num="125" count="150" type="stmt"/>
        <line num="126" count="150" type="stmt"/>
        <line num="127" count="300" type="stmt"/>
        <line num="130" count="150" type="stmt"/>
        <line num="131" count="150" type="cond" truecount="2" falsecount="0"/>
        <line num="132" count="97" type="stmt"/>
        <line num="133" count="97" type="stmt"/>
        <line num="137" count="55" type="stmt"/>
        <line num="150" count="300" type="stmt"/>
        <line num="151" count="300" type="stmt"/>
      </file>
      <file name="MultinomialNB.js" path="/home/jefferson/WebstormProjects/naive-bayes/src/MultinomialNB.js">
        <metrics statements="28" coveredstatements="26" conditionals="6" coveredconditionals="4" methods="6" coveredmethods="6"/>
        <line num="17" count="4" type="cond" truecount="2" falsecount="0"/>
        <line num="18" count="1" type="stmt"/>
        <line num="19" count="1" type="stmt"/>
        <line num="29" count="3" type="stmt"/>
        <line num="31" count="3" type="cond" truecount="1" falsecount="1"/>
        <line num="32" count="0" type="stmt"/>
        <line num="35" count="3" type="stmt"/>
        <line num="36" count="3" type="stmt"/>
        <line num="38" count="3" type="stmt"/>
        <line num="39" count="7" type="stmt"/>
        <line num="42" count="3" type="stmt"/>
        <line num="43" count="3" type="stmt"/>
        <line num="44" count="3" type="stmt"/>
        <line num="45" count="7" type="stmt"/>
        <line num="46" count="7" type="stmt"/>
        <line num="47" count="7" type="stmt"/>
        <line num="48" count="7" type="stmt"/>
        <line num="58" count="3" type="stmt"/>
        <line num="59" count="3" type="stmt"/>
        <line num="60" count="3" type="stmt"/>
        <line num="61" count="42" type="stmt"/>
        <line num="62" count="42" type="stmt"/>
        <line num="66" count="3" type="stmt"/>
        <line num="74" count="1" type="stmt"/>
        <line num="87" count="1" type="cond" truecount="1" falsecount="1"/>
        <line num="88" count="0" type="stmt"/>
        <line num="91" count="1" type="stmt"/>
        <line num="96" count="36" type="stmt"/>
      </file>
      <file name="index.js" path="/home/jefferson/WebstormProjects/naive-bayes/src/index.js">
        <metrics statements="0" coveredstatements="0" conditionals="0" coveredconditionals="0" methods="0" coveredmethods="0"/>
      </file>
      <file name="utils.js" path="/home/jefferson/WebstormProjects/naive-bayes/src/utils.js">
        <metrics statements="17" coveredstatements="17" conditionals="2" coveredconditionals="2" methods="1" coveredmethods="1"/>
        <line num="11" count="8" type="stmt"/>
        <line num="13" count="8" type="stmt"/>
        <line num="14" count="8" type="stmt"/>
        <line num="15" count="8" type="stmt"/>
        <line num="16" count="248" type="cond" truecount="2" falsecount="0"/>
        <line num="17" count="18" type="stmt"/>
        <line num="18" count="18" type="stmt"/>
        <line num="20" count="248" type="stmt"/>
        <line num="22" count="8" type="stmt"/>
        <line num="23" count="8" type="stmt"/>
        <line num="24" count="8" type="stmt"/>
        <line num="25" count="18" type="stmt"/>
        <line num="26" count="18" type="stmt"/>
        <line num="28" count="8" type="stmt"/>
        <line num="29" count="248" type="stmt"/>
        <line num="30" count="248" type="stmt"/>
        <line num="32" count="8" type="stmt"/>
      </file>
    </metrics>
  </project>
</coverage>
