{"/home/jefferson/WebstormProjects/naive-bayes/src/GaussianNB.js": {"path":"/home/jefferson/WebstormProjects/naive-bayes/src/GaussianNB.js","statementMap":{"0":{"start":{"line":18,"column":8},"end":{"line":21,"column":9}},"1":{"start":{"line":19,"column":12},"end":{"line":19,"column":37}},"2":{"start":{"line":20,"column":12},"end":{"line":20,"column":71}},"3":{"start":{"line":35,"column":17},"end":{"line":35,"column":39}},"4":{"start":{"line":36,"column":8},"end":{"line":36,"column":54}},"5":{"start":{"line":38,"column":8},"end":{"line":40,"column":9}},"6":{"start":{"line":39,"column":12},"end":{"line":39,"column":107}},"7":{"start":{"line":42,"column":31},"end":{"line":42,"column":81}},"8":{"start":{"line":43,"column":37},"end":{"line":43,"column":71}},"9":{"start":{"line":44,"column":8},"end":{"line":44,"column":56}},"10":{"start":{"line":45,"column":8},"end":{"line":59,"column":9}},"11":{"start":{"line":46,"column":24},"end":{"line":46,"column":61}},"12":{"start":{"line":47,"column":22},"end":{"line":47,"column":79}},"13":{"start":{"line":49,"column":38},"end":{"line":49,"column":91}},"14":{"start":{"line":50,"column":12},"end":{"line":50,"column":68}},"15":{"start":{"line":52,"column":12},"end":{"line":52,"column":63}},"16":{"start":{"line":53,"column":12},"end":{"line":56,"column":13}},"17":{"start":{"line":54,"column":33},"end":{"line":54,"column":43}},"18":{"start":{"line":55,"column":16},"end":{"line":55,"column":103}},"19":{"start":{"line":58,"column":12},"end":{"line":58,"column":34}},"20":{"start":{"line":61,"column":8},"end":{"line":61,"column":61}},"21":{"start":{"line":71,"column":8},"end":{"line":73,"column":9}},"22":{"start":{"line":72,"column":12},"end":{"line":72,"column":96}},"23":{"start":{"line":75,"column":26},"end":{"line":75,"column":51}},"24":{"start":{"line":77,"column":8},"end":{"line":79,"column":9}},"25":{"start":{"line":78,"column":12},"end":{"line":78,"column":98}},"26":{"start":{"line":81,"column":8},"end":{"line":81,"column":27}},"27":{"start":{"line":89,"column":8},"end":{"line":93,"column":10}},"28":{"start":{"line":102,"column":8},"end":{"line":104,"column":9}},"29":{"start":{"line":103,"column":12},"end":{"line":103,"column":115}},"30":{"start":{"line":106,"column":8},"end":{"line":106,"column":43}},"31":{"start":{"line":120,"column":25},"end":{"line":120,"column":26}},"32":{"start":{"line":121,"column":25},"end":{"line":121,"column":27}},"33":{"start":{"line":124,"column":4},"end":{"line":135,"column":5}},"34":{"start":{"line":125,"column":33},"end":{"line":125,"column":46}},"35":{"start":{"line":126,"column":8},"end":{"line":128,"column":9}},"36":{"start":{"line":127,"column":12},"end":{"line":127,"column":130}},"37":{"start":{"line":130,"column":8},"end":{"line":130,"column":58}},"38":{"start":{"line":131,"column":8},"end":{"line":134,"column":9}},"39":{"start":{"line":132,"column":12},"end":{"line":132,"column":48}},"40":{"start":{"line":133,"column":12},"end":{"line":133,"column":31}},"41":{"start":{"line":137,"column":4},"end":{"line":137,"column":26}},"42":{"start":{"line":150,"column":4},"end":{"line":150,"column":25}},"43":{"start":{"line":151,"column":4},"end":{"line":151,"column":57}}},"fnMap":{"0":{"name":"(anonymous_0)","decl":{"start":{"line":17,"column":4},"end":{"line":17,"column":5}},"loc":{"start":{"line":17,"column":31},"end":{"line":22,"column":5}},"line":17},"1":{"name":"(anonymous_1)","decl":{"start":{"line":34,"column":4},"end":{"line":34,"column":5}},"loc":{"start":{"line":34,"column":39},"end":{"line":62,"column":5}},"line":34},"2":{"name":"(anonymous_2)","decl":{"start":{"line":70,"column":4},"end":{"line":70,"column":5}},"loc":{"start":{"line":70,"column":21},"end":{"line":82,"column":5}},"line":70},"3":{"name":"(anonymous_3)","decl":{"start":{"line":88,"column":4},"end":{"line":88,"column":5}},"loc":{"start":{"line":88,"column":13},"end":{"line":94,"column":5}},"line":88},"4":{"name":"(anonymous_4)","decl":{"start":{"line":101,"column":4},"end":{"line":101,"column":5}},"loc":{"start":{"line":101,"column":23},"end":{"line":107,"column":5}},"line":101},"5":{"name":"getCurrentClass","decl":{"start":{"line":119,"column":9},"end":{"line":119,"column":24}},"loc":{"start":{"line":119,"column":53},"end":{"line":138,"column":1}},"line":119},"6":{"name":"calculateLogProbability","decl":{"start":{"line":149,"column":9},"end":{"line":149,"column":32}},"loc":{"start":{"line":149,"column":54},"end":{"line":152,"column":1}},"line":149}},"branchMap":{"0":{"loc":{"start":{"line":18,"column":8},"end":{"line":21,"column":9}},"type":"if","locations":[{"start":{"line":18,"column":8},"end":{"line":21,"column":9}},{"start":{"line":18,"column":8},"end":{"line":21,"column":9}}],"line":18},"1":{"loc":{"start":{"line":38,"column":8},"end":{"line":40,"column":9}},"type":"if","locations":[{"start":{"line":38,"column":8},"end":{"line":40,"column":9}},{"start":{"line":38,"column":8},"end":{"line":40,"column":9}}],"line":38},"2":{"loc":{"start":{"line":71,"column":8},"end":{"line":73,"column":9}},"type":"if","locations":[{"start":{"line":71,"column":8},"end":{"line":73,"column":9}},{"start":{"line":71,"column":8},"end":{"line":73,"column":9}}],"line":71},"3":{"loc":{"start":{"line":102,"column":8},"end":{"line":104,"column":9}},"type":"if","locations":[{"start":{"line":102,"column":8},"end":{"line":104,"column":9}},{"start":{"line":102,"column":8},"end":{"line":104,"column":9}}],"line":102},"4":{"loc":{"start":{"line":131,"column":8},"end":{"line":134,"column":9}},"type":"if","locations":[{"start":{"line":131,"column":8},"end":{"line":134,"column":9}},{"start":{"line":131,"column":8},"end":{"line":134,"column":9}}],"line":131}},"s":{"0":5,"1":1,"2":1,"3":4,"4":4,"5":4,"6":0,"7":4,"8":4,"9":4,"10":4,"11":9,"12":9,"13":9,"14":9,"15":9,"16":9,"17":48,"18":48,"19":9,"20":4,"21":4,"22":0,"23":4,"24":4,"25":55,"26":4,"27":1,"28":1,"29":0,"30":1,"31":55,"32":55,"33":55,"34":150,"35":150,"36":300,"37":150,"38":150,"39":97,"40":97,"41":55,"42":300,"43":300},"f":{"0":5,"1":4,"2":4,"3":1,"4":1,"5":55,"6":300},"b":{"0":[1,4],"1":[0,4],"2":[0,4],"3":[0,1],"4":[97,53]},"_coverageSchema":"332fd63041d2c1bcb487cc26dd0d5f7d97098a6c","hash":"dc89167e6491fefefd6a6efd6b45fe2f130b68df"}
,"/home/jefferson/WebstormProjects/naive-bayes/src/MultinomialNB.js": {"path":"/home/jefferson/WebstormProjects/naive-bayes/src/MultinomialNB.js","statementMap":{"0":{"start":{"line":17,"column":8},"end":{"line":20,"column":9}},"1":{"start":{"line":18,"column":12},"end":{"line":18,"column":91}},"2":{"start":{"line":19,"column":12},"end":{"line":19,"column":79}},"3":{"start":{"line":29,"column":8},"end":{"line":29,"column":54}},"4":{"start":{"line":31,"column":8},"end":{"line":33,"column":9}},"5":{"start":{"line":32,"column":12},"end":{"line":32,"column":107}},"6":{"start":{"line":35,"column":30},"end":{"line":35,"column":80}},"7":{"start":{"line":36,"column":8},"end":{"line":36,"column":70}},"8":{"start":{"line":38,"column":8},"end":{"line":40,"column":9}},"9":{"start":{"line":39,"column":12},"end":{"line":39,"column":97}},"10":{"start":{"line":42,"column":23},"end":{"line":42,"column":42}},"11":{"start":{"line":43,"column":8},"end":{"line":43,"column":83}},"12":{"start":{"line":44,"column":8},"end":{"line":49,"column":9}},"13":{"start":{"line":45,"column":30},"end":{"line":45,"column":68}},"14":{"start":{"line":46,"column":24},"end":{"line":46,"column":41}},"15":{"start":{"line":47,"column":26},"end":{"line":47,"column":42}},"16":{"start":{"line":48,"column":12},"end":{"line":48,"column":114}},"17":{"start":{"line":58,"column":8},"end":{"line":58,"column":46}},"18":{"start":{"line":59,"column":26},"end":{"line":59,"column":49}},"19":{"start":{"line":60,"column":8},"end":{"line":64,"column":9}},"20":{"start":{"line":61,"column":33},"end":{"line":61,"column":56}},"21":{"start":{"line":62,"column":12},"end":{"line":63,"column":58}},"22":{"start":{"line":66,"column":8},"end":{"line":66,"column":27}},"23":{"start":{"line":74,"column":8},"end":{"line":78,"column":10}},"24":{"start":{"line":87,"column":8},"end":{"line":89,"column":9}},"25":{"start":{"line":88,"column":12},"end":{"line":88,"column":115}},"26":{"start":{"line":91,"column":8},"end":{"line":91,"column":40}},"27":{"start":{"line":96,"column":4},"end":{"line":96,"column":38}}},"fnMap":{"0":{"name":"(anonymous_0)","decl":{"start":{"line":16,"column":4},"end":{"line":16,"column":5}},"loc":{"start":{"line":16,"column":23},"end":{"line":21,"column":5}},"line":16},"1":{"name":"(anonymous_1)","decl":{"start":{"line":28,"column":4},"end":{"line":28,"column":5}},"loc":{"start":{"line":28,"column":39},"end":{"line":50,"column":5}},"line":28},"2":{"name":"(anonymous_2)","decl":{"start":{"line":57,"column":4},"end":{"line":57,"column":5}},"loc":{"start":{"line":57,"column":21},"end":{"line":67,"column":5}},"line":57},"3":{"name":"(anonymous_3)","decl":{"start":{"line":73,"column":4},"end":{"line":73,"column":5}},"loc":{"start":{"line":73,"column":13},"end":{"line":79,"column":5}},"line":73},"4":{"name":"(anonymous_4)","decl":{"start":{"line":86,"column":4},"end":{"line":86,"column":5}},"loc":{"start":{"line":86,"column":23},"end":{"line":92,"column":5}},"line":86},"5":{"name":"matrixLog","decl":{"start":{"line":95,"column":9},"end":{"line":95,"column":18}},"loc":{"start":{"line":95,"column":25},"end":{"line":97,"column":1}},"line":95}},"branchMap":{"0":{"loc":{"start":{"line":17,"column":8},"end":{"line":20,"column":9}},"type":"if","locations":[{"start":{"line":17,"column":8},"end":{"line":20,"column":9}},{"start":{"line":17,"column":8},"end":{"line":20,"column":9}}],"line":17},"1":{"loc":{"start":{"line":31,"column":8},"end":{"line":33,"column":9}},"type":"if","locations":[{"start":{"line":31,"column":8},"end":{"line":33,"column":9}},{"start":{"line":31,"column":8},"end":{"line":33,"column":9}}],"line":31},"2":{"loc":{"start":{"line":87,"column":8},"end":{"line":89,"column":9}},"type":"if","locations":[{"start":{"line":87,"column":8},"end":{"line":89,"column":9}},{"start":{"line":87,"column":8},"end":{"line":89,"column":9}}],"line":87}},"s":{"0":4,"1":1,"2":1,"3":3,"4":3,"5":0,"6":3,"7":3,"8":3,"9":7,"10":3,"11":3,"12":3,"13":7,"14":7,"15":7,"16":7,"17":3,"18":3,"19":3,"20":42,"21":42,"22":3,"23":1,"24":1,"25":0,"26":1,"27":36},"f":{"0":4,"1":3,"2":3,"3":1,"4":1,"5":36},"b":{"0":[1,3],"1":[0,3],"2":[0,1]},"_coverageSchema":"332fd63041d2c1bcb487cc26dd0d5f7d97098a6c","hash":"9a2938ca15470a37705d47802e8bf63085694ff5"}
,"/home/jefferson/WebstormProjects/naive-bayes/src/index.js": {"path":"/home/jefferson/WebstormProjects/naive-bayes/src/index.js","statementMap":{},"fnMap":{},"branchMap":{},"s":{},"f":{},"b":{},"_coverageSchema":"332fd63041d2c1bcb487cc26dd0d5f7d97098a6c","hash":"ee351595a4cc3e5f88c34a059833fdbcaee378d2"}
,"/home/jefferson/WebstormProjects/naive-bayes/src/utils.js": {"path":"/home/jefferson/WebstormProjects/naive-bayes/src/utils.js","statementMap":{"0":{"start":{"line":11,"column":19},"end":{"line":11,"column":28}},"1":{"start":{"line":13,"column":18},"end":{"line":13,"column":19}},"2":{"start":{"line":14,"column":26},"end":{"line":14,"column":42}},"3":{"start":{"line":15,"column":4},"end":{"line":21,"column":5}},"4":{"start":{"line":16,"column":8},"end":{"line":19,"column":9}},"5":{"start":{"line":17,"column":12},"end":{"line":17,"column":38}},"6":{"start":{"line":18,"column":12},"end":{"line":18,"column":22}},"7":{"start":{"line":20,"column":8},"end":{"line":20,"column":32}},"8":{"start":{"line":22,"column":27},"end":{"line":22,"column":45}},"9":{"start":{"line":23,"column":23},"end":{"line":23,"column":41}},"10":{"start":{"line":24,"column":4},"end":{"line":27,"column":5}},"11":{"start":{"line":25,"column":8},"end":{"line":25,"column":71}},"12":{"start":{"line":26,"column":8},"end":{"line":26,"column":28}},"13":{"start":{"line":28,"column":4},"end":{"line":31,"column":5}},"14":{"start":{"line":29,"column":8},"end":{"line":29,"column":71}},"15":{"start":{"line":30,"column":8},"end":{"line":30,"column":29}},"16":{"start":{"line":32,"column":4},"end":{"line":32,"column":28}}},"fnMap":{"0":{"name":"separateClasses","decl":{"start":{"line":10,"column":16},"end":{"line":10,"column":31}},"loc":{"start":{"line":10,"column":38},"end":{"line":33,"column":1}},"line":10}},"branchMap":{"0":{"loc":{"start":{"line":16,"column":8},"end":{"line":19,"column":9}},"type":"if","locations":[{"start":{"line":16,"column":8},"end":{"line":19,"column":9}},{"start":{"line":16,"column":8},"end":{"line":19,"column":9}}],"line":16}},"s":{"0":8,"1":8,"2":8,"3":8,"4":248,"5":18,"6":18,"7":248,"8":8,"9":8,"10":8,"11":18,"12":18,"13":8,"14":248,"15":248,"16":8},"f":{"0":8},"b":{"0":[18,230]},"_coverageSchema":"332fd63041d2c1bcb487cc26dd0d5f7d97098a6c","hash":"e9795bb24a36beb5e1ad1ace568ff5510ed8d303"}
}
