TN:
SF:/home/jefferson/WebstormProjects/naive-bayes/src/GaussianNB.js
FN:17,(anonymous_0)
FN:34,(anonymous_1)
FN:70,(anonymous_2)
FN:88,(anonymous_3)
FN:101,(anonymous_4)
FN:119,getCurrentClass
FN:149,calculateLogProbability
FNF:7
FNH:7
FNDA:5,(anonymous_0)
FNDA:4,(anonymous_1)
FNDA:4,(anonymous_2)
FNDA:1,(anonymous_3)
FNDA:1,(anonymous_4)
FNDA:55,getCurrentClass
FNDA:300,calculateLogProbability
DA:18,5
DA:19,1
DA:20,1
DA:35,4
DA:36,4
DA:38,4
DA:39,0
DA:42,4
DA:43,4
DA:44,4
DA:45,4
DA:46,9
DA:47,9
DA:49,9
DA:50,9
DA:52,9
DA:53,9
DA:54,48
DA:55,48
DA:58,9
DA:61,4
DA:71,4
DA:72,0
DA:75,4
DA:77,4
DA:78,55
DA:81,4
DA:89,1
DA:102,1
DA:103,0
DA:106,1
DA:120,55
DA:121,55
DA:124,55
DA:125,150
DA:126,150
DA:127,300
DA:130,150
DA:131,150
DA:132,97
DA:133,97
DA:137,55
DA:150,300
DA:151,300
LF:44
LH:41
BRDA:18,0,0,1
BRDA:18,0,1,4
BRDA:38,1,0,0
BRDA:38,1,1,4
BRDA:71,2,0,0
BRDA:71,2,1,4
BRDA:102,3,0,0
BRDA:102,3,1,1
BRDA:131,4,0,97
BRDA:131,4,1,53
BRF:10
BRH:7
end_of_record
TN:
SF:/home/jefferson/WebstormProjects/naive-bayes/src/MultinomialNB.js
FN:16,(anonymous_0)
FN:28,(anonymous_1)
FN:57,(anonymous_2)
FN:73,(anonymous_3)
FN:86,(anonymous_4)
FN:95,matrixLog
FNF:6
FNH:6
FNDA:4,(anonymous_0)
FNDA:3,(anonymous_1)
FNDA:3,(anonymous_2)
FNDA:1,(anonymous_3)
FNDA:1,(anonymous_4)
FNDA:36,matrixLog
DA:17,4
DA:18,1
DA:19,1
DA:29,3
DA:31,3
DA:32,0
DA:35,3
DA:36,3
DA:38,3
DA:39,7
DA:42,3
DA:43,3
DA:44,3
DA:45,7
DA:46,7
DA:47,7
DA:48,7
DA:58,3
DA:59,3
DA:60,3
DA:61,42
DA:62,42
DA:66,3
DA:74,1
DA:87,1
DA:88,0
DA:91,1
DA:96,36
LF:28
LH:26
BRDA:17,0,0,1
BRDA:17,0,1,3
BRDA:31,1,0,0
BRDA:31,1,1,3
BRDA:87,2,0,0
BRDA:87,2,1,1
BRF:6
BRH:4
end_of_record
TN:
SF:/home/jefferson/WebstormProjects/naive-bayes/src/index.js
FNF:0
FNH:0
LF:0
LH:0
BRF:0
BRH:0
end_of_record
TN:
SF:/home/jefferson/WebstormProjects/naive-bayes/src/utils.js
FN:10,separateClasses
FNF:1
FNH:1
FNDA:8,separateClasses
DA:11,8
DA:13,8
DA:14,8
DA:15,8
DA:16,248
DA:17,18
DA:18,18
DA:20,248
DA:22,8
DA:23,8
DA:24,8
DA:25,18
DA:26,18
DA:28,8
DA:29,248
DA:30,248
DA:32,8
LF:17
LH:17
BRDA:16,0,0,18
BRDA:16,0,1,230
BRF:2
BRH:2
end_of_record
